#
# There is insufficient memory for the Java Runtime Environment to continue.
# Native memory allocation (mmap) failed to map 264241152 bytes. Error detail: G1 virtual space
# Possible reasons:
#   The system is out of physical RAM or swap space
#   This process is running with CompressedOops enabled, and the Java Heap may be blocking the growth of the native heap
# Possible solutions:
#   Reduce memory load on the system
#   Increase physical memory or swap space
#   Check if swap backing store is full
#   Decrease Java heap size (-Xmx/-Xms)
#   Decrease number of Java threads
#   Decrease Java thread stack sizes (-Xss)
#   Set larger code cache with -XX:ReservedCodeCacheSize=
#   JVM is running with Zero Based Compressed Oops mode in which the Java heap is
#     placed in the first 32GB address space. The Java Heap base address is the
#     maximum limit for the native heap growth. Please use -XX:HeapBaseMinAddress
#     to set the Java Heap base and to place the Java Heap above 32GB virtual address.
# This output file may be truncated or incomplete.
#
#  Out of Memory Error (os_windows.cpp:3713), pid=18112, tid=9012
#
# JRE version:  (21.0.9+10) (build )
# Java VM: OpenJDK 64-Bit Server VM (21.0.9+10-LTS, mixed mode, sharing, tiered, compressed oops, compressed class ptrs, g1 gc, windows-amd64)
# No core dump will be written. Minidumps are not enabled by default on client versions of Windows
#

---------------  S U M M A R Y ------------

Command Line: -Dnet.bytebuddy.agent.attacher.dump= net.bytebuddy.agent.Attacher com.sun.tools.attach.VirtualMachine 22240 C:\Users\DHANA PRIYANKA\.m2\repository\net\bytebuddy\byte-buddy-agent\1.17.8\byte-buddy-agent-1.17.8.jar false 

Host: 12th Gen Intel(R) Core(TM) i5-1235U, 12 cores, 15G,  Windows 11 , 64 bit Build 26100 (10.0.26100.8246)
Time: Tue Apr 28 11:56:33 2026 India Standard Time elapsed time: 0.045296 seconds (0d 0h 0m 0s)

---------------  T H R E A D  ---------------

Current thread (0x0000023af4d245f0):  JavaThread "Unknown thread" [_thread_in_vm, id=9012, stack(0x000000446b000000,0x000000446b100000) (1024K)]

Stack: [0x000000446b000000,0x000000446b100000]
Native frames: (J=compiled Java code, j=interpreted, Vv=VM code, C=native code)
V  [jvm.dll+0x6d6e29]
V  [jvm.dll+0x8b4b76]
V  [jvm.dll+0x8b712e]
V  [jvm.dll+0x8b7813]
V  [jvm.dll+0x283d86]
V  [jvm.dll+0x6d3745]
V  [jvm.dll+0x6c747a]
V  [jvm.dll+0x35e7e8]
V  [jvm.dll+0x366426]
V  [jvm.dll+0x3b73fe]
V  [jvm.dll+0x3b76a8]
V  [jvm.dll+0x3329ec]
V  [jvm.dll+0x33353b]
V  [jvm.dll+0x87deeb]
V  [jvm.dll+0x3c4381]
V  [jvm.dll+0x867135]
V  [jvm.dll+0x457391]
V  [jvm.dll+0x458f81]
C  [jli.dll+0x52d0]
C  [ucrtbase.dll+0x37b0]
C  [KERNEL32.DLL+0x2e8d7]
C  [ntdll.dll+0x8c3fc]


---------------  P R O C E S S  ---------------

Threads class SMR info:
_java_thread_list=0x00007ffd179d91c8, length=0, elements={
}

Java Threads: ( => current thread )
Total: 0

Other Threads:
  0x0000023af72575a0 WorkerThread "GC Thread#0"                     [id=32552, stack(0x000000446b100000,0x000000446b200000) (1024K)]
  0x0000023af7268090 ConcurrentGCThread "G1 Main Marker"            [id=27176, stack(0x000000446b200000,0x000000446b300000) (1024K)]
  0x0000023af726a280 WorkerThread "G1 Conc#0"                       [id=35768, stack(0x000000446b300000,0x000000446b400000) (1024K)]

[error occurred during error reporting (printing all threads), id 0xc0000005, EXCEPTION_ACCESS_VIOLATION (0xc0000005) at pc=0x00007ffd170d50d7]
VM state: not at safepoint (not fully initialized)

VM Mutex/Monitor currently owned by a thread:  ([mutex/lock_event])
[0x00007ffd17a4d670] Heap_lock - owner thread: 0x0000023af4d245f0

Heap address: 0x0000000704e00000, size: 4018 MB, Compressed Oops mode: Zero based, Oop shift amount: 3

CDS archive(s) mapped at: [0x0000000000000000-0x0000000000000000-0x0000000000000000), size 0, SharedBaseAddress: 0x0000000800000000, ArchiveRelocationMode: 1.
Narrow klass base: 0x0000000000000000, Narrow klass shift: 0, Narrow klass range: 0x0

GC Precious Log:
 CardTable entry size: 512
 Card Set container configuration: InlinePtr #cards 4 size 8 Array Of Cards #cards 16 size 48 Howl #buckets 8 coarsen threshold 3686 Howl Bitmap #cards 512 size 80 coarsen threshold 460 Card regions per heap region 1 cards per card region 4096

Heap:
 garbage-first heap   total 0K, used 0K [0x0000000704e00000, 0x0000000800000000)
  region size 2048K, 0 young (0K), 0 survivors (0K)

[error occurred during error reporting (printing heap information), id 0xc0000005, EXCEPTION_ACCESS_VIOLATION (0xc0000005) at pc=0x00007ffd174c07a9]
GC Heap History (0 events):
No events

Dll operation events (1 events):
Event: 0.026 Loaded shared library C:\Users\DHANA PRIYANKA\.p2\pool\plugins\org.eclipse.justj.openjdk.hotspot.jre.full.win32.x86_64_21.0.9.v20251105-0741\jre\bin\java.dll

Deoptimization events (0 events):
No events

Classes loaded (0 events):
No events

Classes unloaded (0 events):
No events

Classes redefined (0 events):
No events

Internal exceptions (0 events):
No events

ZGC Phase Switch (0 events):
No events

VM Operations (0 events):
No events

Memory protections (0 events):
No events

Nmethod flushes (0 events):
No events

Events (0 events):
No events


Dynamic libraries:
0x00007ff763e30000 - 0x00007ff763e3e000 	C:\Users\DHANA PRIYANKA\.p2\pool\plugins\org.eclipse.justj.openjdk.hotspot.jre.full.win32.x86_64_21.0.9.v20251105-0741\jre\bin\java.exe
0x00007ffddcb00000 - 0x00007ffddcd67000 	C:\WINDOWS\SYSTEM32\ntdll.dll
0x00007ffd8c0e0000 - 0x00007ffd8c101000 	C:\Program Files\Avast Software\Avast\aswhook.dll
0x00007ffddb490000 - 0x00007ffddb559000 	C:\WINDOWS\System32\KERNEL32.DLL
0x00007ffdd9520000 - 0x00007ffdd9914000 	C:\WINDOWS\System32\KERNELBASE.dll
0x00007ffdd93d0000 - 0x00007ffdd951b000 	C:\WINDOWS\System32\ucrtbase.dll
0x00007ffd607c0000 - 0x00007ffd607de000 	C:\Users\DHANA PRIYANKA\.p2\pool\plugins\org.eclipse.justj.openjdk.hotspot.jre.full.win32.x86_64_21.0.9.v20251105-0741\jre\bin\VCRUNTIME140.dll
0x00007ffd72f60000 - 0x00007ffd72f78000 	C:\Users\DHANA PRIYANKA\.p2\pool\plugins\org.eclipse.justj.openjdk.hotspot.jre.full.win32.x86_64_21.0.9.v20251105-0741\jre\bin\jli.dll
0x00007ffddb5b0000 - 0x00007ffddb775000 	C:\WINDOWS\System32\USER32.dll
0x00007ffdda860000 - 0x00007ffdda887000 	C:\WINDOWS\System32\win32u.dll
0x00007ffdaf9f0000 - 0x00007ffdafc83000 	C:\WINDOWS\WinSxS\amd64_microsoft.windows.common-controls_6595b64144ccf1df_6.0.26100.8115_none_3e075c82e3354f9c\COMCTL32.dll
0x00007ffddc460000 - 0x00007ffddc48b000 	C:\WINDOWS\System32\GDI32.dll
0x00007ffddaa20000 - 0x00007ffddaac9000 	C:\WINDOWS\System32\msvcrt.dll
0x00007ffdda730000 - 0x00007ffdda85b000 	C:\WINDOWS\System32\gdi32full.dll
0x00007ffdd9c10000 - 0x00007ffdd9cb3000 	C:\WINDOWS\System32\msvcp_win.dll
0x00007ffddb570000 - 0x00007ffddb5a2000 	C:\WINDOWS\System32\IMM32.DLL
0x00007ffdb58f0000 - 0x00007ffdb58fc000 	C:\Users\DHANA PRIYANKA\.p2\pool\plugins\org.eclipse.justj.openjdk.hotspot.jre.full.win32.x86_64_21.0.9.v20251105-0741\jre\bin\vcruntime140_1.dll
0x00007ffd3f9b0000 - 0x00007ffd3fa3d000 	C:\Users\DHANA PRIYANKA\.p2\pool\plugins\org.eclipse.justj.openjdk.hotspot.jre.full.win32.x86_64_21.0.9.v20251105-0741\jre\bin\msvcp140.dll
0x00007ffd16d90000 - 0x00007ffd17b30000 	C:\Users\DHANA PRIYANKA\.p2\pool\plugins\org.eclipse.justj.openjdk.hotspot.jre.full.win32.x86_64_21.0.9.v20251105-0741\jre\bin\server\jvm.dll
0x00007ffddca00000 - 0x00007ffddcab6000 	C:\WINDOWS\System32\ADVAPI32.dll
0x00007ffddad00000 - 0x00007ffddada7000 	C:\WINDOWS\System32\sechost.dll
0x00007ffddab60000 - 0x00007ffddac78000 	C:\WINDOWS\System32\RPCRT4.dll
0x00007ffdda890000 - 0x00007ffdda910000 	C:\WINDOWS\System32\WS2_32.dll
0x00007ffdd9230000 - 0x00007ffdd928e000 	C:\WINDOWS\SYSTEM32\POWRPROF.dll
0x00007ffdc5750000 - 0x00007ffdc575b000 	C:\WINDOWS\SYSTEM32\VERSION.dll
0x00007ffdd65f0000 - 0x00007ffdd6626000 	C:\WINDOWS\SYSTEM32\WINMM.dll
0x00007ffdd9210000 - 0x00007ffdd9224000 	C:\WINDOWS\SYSTEM32\UMPDC.dll
0x00007ffdd8120000 - 0x00007ffdd813b000 	C:\WINDOWS\SYSTEM32\kernel.appcore.dll
0x00007ffdd6680000 - 0x00007ffdd668a000 	C:\Users\DHANA PRIYANKA\.p2\pool\plugins\org.eclipse.justj.openjdk.hotspot.jre.full.win32.x86_64_21.0.9.v20251105-0741\jre\bin\jimage.dll
0x00007ffdd73a0000 - 0x00007ffdd75e2000 	C:\WINDOWS\SYSTEM32\DBGHELP.DLL
0x00007ffddaf90000 - 0x00007ffddb312000 	C:\WINDOWS\System32\combase.dll
0x00007ffddc380000 - 0x00007ffddc458000 	C:\WINDOWS\System32\OLEAUT32.dll
0x00007ffdc4d00000 - 0x00007ffdc4d3b000 	C:\WINDOWS\SYSTEM32\dbgcore.DLL
0x00007ffdda5c0000 - 0x00007ffdda665000 	C:\WINDOWS\System32\bcryptPrimitives.dll
0x00007ffdb5930000 - 0x00007ffdb5950000 	C:\Users\DHANA PRIYANKA\.p2\pool\plugins\org.eclipse.justj.openjdk.hotspot.jre.full.win32.x86_64_21.0.9.v20251105-0741\jre\bin\java.dll

JVMTI agents: none

dbghelp: loaded successfully - version: 4.0.5 - missing functions: none
symbol engine: initialized successfully - sym options: 0x614 - pdb path: .;C:\Users\DHANA PRIYANKA\.p2\pool\plugins\org.eclipse.justj.openjdk.hotspot.jre.full.win32.x86_64_21.0.9.v20251105-0741\jre\bin;C:\WINDOWS\SYSTEM32;C:\Program Files\Avast Software\Avast;C:\WINDOWS\WinSxS\amd64_microsoft.windows.common-controls_6595b64144ccf1df_6.0.26100.8115_none_3e075c82e3354f9c;C:\Users\DHANA PRIYANKA\.p2\pool\plugins\org.eclipse.justj.openjdk.hotspot.jre.full.win32.x86_64_21.0.9.v20251105-0741\jre\bin\server

VM Arguments:
jvm_args: -Dnet.bytebuddy.agent.attacher.dump= 
java_command: net.bytebuddy.agent.Attacher com.sun.tools.attach.VirtualMachine 22240 C:\Users\DHANA PRIYANKA\.m2\repository\net\bytebuddy\byte-buddy-agent\1.17.8\byte-buddy-agent-1.17.8.jar false 
java_class_path (initial): C:\Users\DHANA PRIYANKA\.m2\repository\net\bytebuddy\byte-buddy-agent\1.17.8\byte-buddy-agent-1.17.8.jar
Launcher Type: SUN_STANDARD

[Global flags]
     intx CICompilerCount                          = 4                                         {product} {ergonomic}
     uint ConcGCThreads                            = 3                                         {product} {ergonomic}
     uint G1ConcRefinementThreads                  = 10                                        {product} {ergonomic}
   size_t G1HeapRegionSize                         = 2097152                                   {product} {ergonomic}
    uintx GCDrainStackTargetSize                   = 64                                        {product} {ergonomic}
   size_t InitialHeapSize                          = 264241152                                 {product} {ergonomic}
   size_t MarkStackSize                            = 4194304                                   {product} {ergonomic}
   size_t MaxHeapSize                              = 4213178368                                {product} {ergonomic}
   size_t MinHeapDeltaBytes                        = 2097152                                   {product} {ergonomic}
   size_t MinHeapSize                              = 8388608                                   {product} {ergonomic}
    uintx NonNMethodCodeHeapSize                   = 5839372                                {pd product} {ergonomic}
    uintx NonProfiledCodeHeapSize                  = 122909434                              {pd product} {ergonomic}
    uintx ProfiledCodeHeapSize                     = 122909434                              {pd product} {ergonomic}
    uintx ReservedCodeCacheSize                    = 251658240                              {pd product} {ergonomic}
     bool SegmentedCodeCache                       = true                                      {product} {ergonomic}
   size_t SoftMaxHeapSize                          = 4213178368                             {manageable} {ergonomic}
     bool UseCompressedOops                        = true                           {product lp64_product} {ergonomic}
     bool UseG1GC                                  = true                                      {product} {ergonomic}
     bool UseLargePagesIndividualAllocation        = false                                  {pd product} {ergonomic}

Logging:
Log output configuration:
 #0: stdout all=warning uptime,level,tags foldmultilines=false
 #1: stderr all=off uptime,level,tags foldmultilines=false

Release file:
<release file has not been read>
Environment Variables:
PATH=C:/Users/DHANA PRIYANKA/.p2/pool/plugins/org.eclipse.justj.openjdk.hotspot.jre.full.win32.x86_64_21.0.9.v20251105-0741/jre/bin/server;C:/Users/DHANA PRIYANKA/.p2/pool/plugins/org.eclipse.justj.openjdk.hotspot.jre.full.win32.x86_64_21.0.9.v20251105-0741/jre/bin;C:\Program Files\Common Files\Oracle\Java\javapath;C:\Program Files (x86)\Common Files\Oracle\Java\java8path;C:\Program Files (x86)\Common Files\Oracle\Java\javapath;C:\WINDOWS\system32;C:\WINDOWS;C:\WINDOWS\System32\Wbem;C:\WINDOWS\System32\WindowsPowerShell\v1.0\;C:\WINDOWS\System32\OpenSSH\;C:\Program Files\dotnet\;C:\ProgramData\chocolatey\bin;C:\Program Files\nodejs\;C:\Program Files\Docker\Docker\resources\bin;C:\Program Files\Git\cmd;C:\Program Files\MySQL\MySQL Server 8.0\bin;C:\Program Files\MySQL\MySQL Shell 8.0\bin\;C:\Users\DHANA PRIYANKA\AppData\Local\Programs\Python\Python310\Scripts\;C:\Users\DHANA PRIYANKA\AppData\Local\Programs\Python\Python310\;C:\Users\DHANA PRIYANKA\AppData\Local\Microsoft\WindowsApps;C:\Users\DHANA PRIYANKA\AppData\Local\Programs\Microsoft VS Code\bin;C:\Users\DHANA PRIYANKA\AppData\Local\GitHubDesktop\bin;C:\Program Files\JetBrains\PyCharm 2025.1.1.1\bin;;C:\Users\DHANA PRIYANKA\AppData\Roaming\npm;C:\Program Files\nodejs\;C:\Users\DHANA PRIYANKA\AppData\Local\Programs\Antigravity\bin;C:\WINDOWS\System32;
USERNAME=DHANA PRIYANKA
OS=Windows_NT
PROCESSOR_IDENTIFIER=Intel64 Family 6 Model 154 Stepping 4, GenuineIntel
TMP=C:\Users\DHANAP~1\AppData\Local\Temp
TEMP=C:\Users\DHANAP~1\AppData\Local\Temp




Periodic native trim disabled

---------------  S Y S T E M  ---------------

OS:
 Windows 11 , 64 bit Build 26100 (10.0.26100.8246)
OS uptime: 12 days 7:40 hours
Hyper-V role detected

CPU: total 12 (initial active 12) (6 cores per cpu, 2 threads per core) family 6 model 154 stepping 4 microcode 0x43b, cx8, cmov, fxsr, ht, mmx, 3dnowpref, sse, sse2, sse3, ssse3, sse4.1, sse4.2, popcnt, lzcnt, tsc, tscinvbit, avx, avx2, aes, erms, clmul, bmi1, bmi2, adx, sha, fma, vzeroupper, clflush, clflushopt, clwb, hv, serialize, rdtscp, rdpid, fsrm, f16c, cet_ibt, cet_ss
Processor Information for the first 12 processors :
  Max Mhz: 1300, Current Mhz: 1300, Mhz Limit: 1300

Memory: 4k page, system-wide physical 16068M (1511M free)
TotalPageFile size 25229M (AvailPageFile size 173M)
current process WorkingSet (physical memory assigned to process): 13M, peak: 13M
current process commit charge ("private bytes"): 64M, peak: 316M

vm_info: OpenJDK 64-Bit Server VM (21.0.9+10-LTS) for windows-amd64 JRE (21.0.9+10-LTS), built on 2025-10-21T00:00:00Z by "admin" with unknown MS VC++:1942

END.
